server/middleware/tenantMiddleware.ts(194,20): error TS2339: Property 'user' does not exist on type 'Request<ParamsDictionary, any, any, ParsedQs, Record<string, any>>'.
server/routes.ts(2166,31): error TS2345: Argument of type 'string | string[]' is not assignable to parameter of type 'string'.
  Type 'string[]' is not assignable to type 'string'.
server/routes.ts(2188,31): error TS2345: Argument of type 'string | string[]' is not assignable to parameter of type 'string'.
  Type 'string[]' is not assignable to type 'string'.
server/routes.ts(2210,31): error TS2345: Argument of type 'string | string[]' is not assignable to parameter of type 'string'.
  Type 'string[]' is not assignable to type 'string'.
server/routes.ts(2251,31): error TS2345: Argument of type 'string | string[]' is not assignable to parameter of type 'string'.
  Type 'string[]' is not assignable to type 'string'.
server/routes.ts(2266,31): error TS2345: Argument of type 'string | string[]' is not assignable to parameter of type 'string'.
  Type 'string[]' is not assignable to type 'string'.
server/routes/admin.ts(258,48): error TS2339: Property 'role' does not exist on type '{ email: string; password: string; id: string; siteId: string | null; }'.
server/routes/admin.ts(267,11): error TS2353: Object literal may only specify known properties, and 'name' does not exist in type '{ email: string; password: string; siteId?: string | null | undefined; }'.
server/routes/admin.ts(273,21): error TS2304: Cannot find name 'jwt'.
server/storage.ts(174,43): error TS2769: No overload matches this call.
  Overload 1 of 2, '(value: { businessName: string | SQL<unknown> | Placeholder<string, any>; subdomain: string | SQL<unknown> | Placeholder<string, any>; services?: string[] | SQL<...> | Placeholder<...> | null | undefined; ... 34 more ...; enableServiceAreaMap?: boolean | ... 2 more ... | undefined; }): PgInsertBase<...>', gave the following error.
    Argument of type '{ services: string[] | undefined; businessName: string; subdomain: string; email?: string | null | undefined; customDomain?: string | null | undefined; brandColor?: string | undefined; ... 30 more ...; enableServiceAreaMap?: boolean | undefined; }' is not assignable to parameter of type '{ businessName: string | SQL<unknown> | Placeholder<string, any>; subdomain: string | SQL<unknown> | Placeholder<string, any>; services?: string[] | SQL<unknown> | Placeholder<...> | null | undefined; ... 34 more ...; enableServiceAreaMap?: boolean | ... 2 more ... | undefined; }'.
      Types of property 'subscriptionPlan' are incompatible.
        Type 'string | null | undefined' is not assignable to type 'SQL<unknown> | "starter" | "growth" | "scale" | Placeholder<string, any> | null | undefined'.
          Type 'string' is not assignable to type 'SQL<unknown> | "starter" | "growth" | "scale" | Placeholder<string, any> | null | undefined'.
  Overload 2 of 2, '(values: { businessName: string | SQL<unknown> | Placeholder<string, any>; subdomain: string | SQL<unknown> | Placeholder<string, any>; services?: string[] | SQL<...> | Placeholder<...> | null | undefined; ... 34 more ...; enableServiceAreaMap?: boolean | ... 2 more ... | undefined; }[]): PgInsertBase<...>', gave the following error.
    Object literal may only specify known properties, and 'services' does not exist in type '{ businessName: string | SQL<unknown> | Placeholder<string, any>; subdomain: string | SQL<unknown> | Placeholder<string, any>; services?: string[] | SQL<unknown> | Placeholder<...> | null | undefined; ... 34 more ...; enableServiceAreaMap?: boolean | ... 2 more ... | undefined; }[]'.
server/storage.ts(186,47): error TS2345: Argument of type '{ services: string[] | undefined; businessName?: string | undefined; subdomain?: string | undefined; email?: string | null | undefined; customDomain?: string | null | undefined; brandColor?: string | undefined; ... 30 more ...; enableServiceAreaMap?: boolean | undefined; }' is not assignable to parameter of type '{ businessName?: string | SQL<unknown> | PgColumn<ColumnBaseConfig<ColumnDataType, string>, {}, {}> | undefined; subdomain?: string | SQL<...> | PgColumn<...> | undefined; ... 35 more ...; enableServiceAreaMap?: boolean | ... 2 more ... | undefined; }'.
  Types of property 'subscriptionPlan' are incompatible.
    Type 'string | null | undefined' is not assignable to type 'SQL<unknown> | "starter" | "growth" | "scale" | PgColumn<ColumnBaseConfig<ColumnDataType, string>, {}, {}> | null | undefined'.
      Type 'string' is not assignable to type 'SQL<unknown> | "starter" | "growth" | "scale" | PgColumn<ColumnBaseConfig<ColumnDataType, string>, {}, {}> | null | undefined'.
server/storage.ts(257,50): error TS2769: No overload matches this call.
  Overload 1 of 2, '(value: { email: string | SQL<unknown> | Placeholder<string, any>; name: string | SQL<unknown> | Placeholder<string, any>; siteId: string | SQL<unknown> | Placeholder<...>; ... 10 more ...; createdAt?: Date | ... 2 more ... | undefined; }): PgInsertBase<...>', gave the following error.
    Argument of type '{ email: string; name: string; siteId: string; message?: string | null | undefined; phone?: string | null | undefined; stage?: string | undefined; priority?: string | undefined; source?: string | null | undefined; nextFollowUpAt?: Date | ... 1 more ... | undefined; lastContactedAt?: Date | ... 1 more ... | undefined...' is not assignable to parameter of type '{ email: string | SQL<unknown> | Placeholder<string, any>; name: string | SQL<unknown> | Placeholder<string, any>; siteId: string | SQL<unknown> | Placeholder<string, any>; ... 10 more ...; createdAt?: Date | ... 2 more ... | undefined; }'.
      Types of property 'stage' are incompatible.
        Type 'string | undefined' is not assignable to type 'SQL<unknown> | "new" | "contacted" | "quoted" | "won" | "lost" | Placeholder<string, any> | undefined'.
          Type 'string' is not assignable to type 'SQL<unknown> | "new" | "contacted" | "quoted" | "won" | "lost" | Placeholder<string, any> | undefined'.
  Overload 2 of 2, '(values: { email: string | SQL<unknown> | Placeholder<string, any>; name: string | SQL<unknown> | Placeholder<string, any>; siteId: string | SQL<unknown> | Placeholder<...>; ... 10 more ...; createdAt?: Date | ... 2 more ... | undefined; }[]): PgInsertBase<...>', gave the following error.
    Argument of type '{ email: string; name: string; siteId: string; message?: string | null | undefined; phone?: string | null | undefined; stage?: string | undefined; priority?: string | undefined; source?: string | null | undefined; nextFollowUpAt?: Date | ... 1 more ... | undefined; lastContactedAt?: Date | ... 1 more ... | undefined...' is not assignable to parameter of type '{ email: string | SQL<unknown> | Placeholder<string, any>; name: string | SQL<unknown> | Placeholder<string, any>; siteId: string | SQL<unknown> | Placeholder<string, any>; ... 10 more ...; createdAt?: Date | ... 2 more ... | undefined; }[]'.
      Type '{ email: string; name: string; siteId: string; message?: string | null | undefined; phone?: string | null | undefined; stage?: string | undefined; priority?: string | undefined; source?: string | null | undefined; nextFollowUpAt?: Date | ... 1 more ... | undefined; lastContactedAt?: Date | ... 1 more ... | undefined...' is missing the following properties from type '{ email: string | SQL<unknown> | Placeholder<string, any>; name: string | SQL<unknown> | Placeholder<string, any>; siteId: string | SQL<unknown> | Placeholder<string, any>; ... 10 more ...; createdAt?: Date | ... 2 more ... | undefined; }[]': length, pop, push, concat, and 35 more.
server/storage.ts(272,66): error TS2769: No overload matches this call.
  Overload 1 of 2, '(value: { siteId: string | SQL<unknown> | Placeholder<string, any>; id?: number | SQL<unknown> | Placeholder<string, any> | undefined; createdAt?: Date | SQL<...> | Placeholder<...> | undefined; updatedAt?: Date | ... 2 more ... | undefined; currentPhase?: "services" | ... 13 more ... | undefined; collectedData?: Record<...> | ... 3 more ... | undefined; completedPhases?: SQL<...> | ... 3 more ... | undefined; }): PgInsertBase<...>', gave the following error.
    Argument of type '{ siteId: string; currentPhase?: string | undefined; collectedData?: Record<string, any> | null | undefined; completedPhases?: ("services" | "service_area" | "pages" | "welcome" | ... 7 more ... | "complete")[] | null | undefined; }' is not assignable to parameter of type '{ siteId: string | SQL<unknown> | Placeholder<string, any>; id?: number | SQL<unknown> | Placeholder<string, any> | undefined; createdAt?: Date | SQL<...> | Placeholder<...> | undefined; updatedAt?: Date | ... 2 more ... | undefined; currentPhase?: "services" | ... 13 more ... | undefined; collectedData?: Record<......'.
      Types of property 'currentPhase' are incompatible.
        Type 'string | undefined' is not assignable to type '"services" | SQL<unknown> | "service_area" | "pages" | "welcome" | "business_basics" | "trade_detection" | "story" | "differentiators" | "style" | "photos" | "review" | "complete" | Placeholder<...> | undefined'.
          Type 'string' is not assignable to type '"services" | SQL<unknown> | "service_area" | "pages" | "welcome" | "business_basics" | "trade_detection" | "story" | "differentiators" | "style" | "photos" | "review" | "complete" | Placeholder<...> | undefined'.
  Overload 2 of 2, '(values: { siteId: string | SQL<unknown> | Placeholder<string, any>; id?: number | SQL<unknown> | Placeholder<string, any> | undefined; createdAt?: Date | SQL<...> | Placeholder<...> | undefined; updatedAt?: Date | ... 2 more ... | undefined; currentPhase?: "services" | ... 13 more ... | undefined; collectedData?: Record<...> | ... 3 more ... | undefined; completedPhases?: SQL<...> | ... 3 more ... | undefined; }[]): PgInsertBase<...>', gave the following error.
    Argument of type '{ siteId: string; currentPhase?: string | undefined; collectedData?: Record<string, any> | null | undefined; completedPhases?: ("services" | "service_area" | "pages" | "welcome" | ... 7 more ... | "complete")[] | null | undefined; }' is not assignable to parameter of type '{ siteId: string | SQL<unknown> | Placeholder<string, any>; id?: number | SQL<unknown> | Placeholder<string, any> | undefined; createdAt?: Date | SQL<...> | Placeholder<...> | undefined; updatedAt?: Date | ... 2 more ... | undefined; currentPhase?: "services" | ... 13 more ... | undefined; collectedData?: Record<......'.
      Type '{ siteId: string; currentPhase?: string | undefined; collectedData?: Record<string, any> | null | undefined; completedPhases?: ("services" | "service_area" | "pages" | "welcome" | ... 7 more ... | "complete")[] | null | undefined; }' is missing the following properties from type '{ siteId: string | SQL<unknown> | Placeholder<string, any>; id?: number | SQL<unknown> | Placeholder<string, any> | undefined; createdAt?: Date | SQL<...> | Placeholder<...> | undefined; updatedAt?: Date | ... 2 more ... | undefined; currentPhase?: "services" | ... 13 more ... | undefined; collectedData?: Record<......': length, pop, push, concat, and 35 more.
server/storage.ts(278,12): error TS2345: Argument of type '{ updatedAt: Date; siteId?: string | undefined; currentPhase?: string | undefined; collectedData?: Record<string, any> | null | undefined; completedPhases?: ("services" | ... 10 more ... | "complete")[] | null | undefined; }' is not assignable to parameter of type '{ siteId?: string | SQL<unknown> | PgColumn<ColumnBaseConfig<ColumnDataType, string>, {}, {}> | undefined; id?: number | SQL<unknown> | PgColumn<...> | undefined; ... 4 more ...; completedPhases?: SQL<...> | ... 3 more ... | undefined; }'.
  Types of property 'currentPhase' are incompatible.
    Type 'string | undefined' is not assignable to type '"services" | SQL<unknown> | "service_area" | PgColumn<ColumnBaseConfig<ColumnDataType, string>, {}, {}> | "pages" | "welcome" | ... 8 more ... | undefined'.
      Type 'string' is not assignable to type '"services" | SQL<unknown> | "service_area" | PgColumn<ColumnBaseConfig<ColumnDataType, string>, {}, {}> | "pages" | "welcome" | ... 8 more ... | undefined'.
server/storage.ts(291,49): error TS2769: No overload matches this call.
  Overload 1 of 3, '(left: PgColumn<{ name: "type"; tableName: "site_photos"; dataType: "string"; columnType: "PgText"; data: "logo" | "team" | "project" | "before" | "after" | "hero" | "service"; driverParam: string; ... 8 more ...; generated: undefined; }, {}, { ...; }>, right: SQLWrapper | ... 6 more ... | "service"): SQL<...>', gave the following error.
    Argument of type 'string' is not assignable to parameter of type 'SQLWrapper | "logo" | "team" | "project" | "before" | "after" | "hero" | "service"'.
  Overload 2 of 3, '(left: Aliased<string>, right: string | SQLWrapper): SQL<unknown>', gave the following error.
    Argument of type 'PgColumn<{ name: "type"; tableName: "site_photos"; dataType: "string"; columnType: "PgText"; data: "logo" | "team" | "project" | "before" | "after" | "hero" | "service"; driverParam: string; notNull: true; ... 7 more ...; generated: undefined; }, {}, { ...; }>' is not assignable to parameter of type 'Aliased<string>'.
      Type 'PgColumn<{ name: "type"; tableName: "site_photos"; dataType: "string"; columnType: "PgText"; data: "logo" | "team" | "project" | "before" | "after" | "hero" | "service"; driverParam: string; notNull: true; ... 7 more ...; generated: undefined; }, {}, { ...; }>' is missing the following properties from type 'Aliased<string>': sql, fieldAlias
  Overload 3 of 3, '(left: never, right: unknown): SQL<unknown>', gave the following error.
    Argument of type 'PgColumn<{ name: "type"; tableName: "site_photos"; dataType: "string"; columnType: "PgText"; data: "logo" | "team" | "project" | "before" | "after" | "hero" | "service"; driverParam: string; notNull: true; ... 7 more ...; generated: undefined; }, {}, { ...; }>' is not assignable to parameter of type 'never'.
server/storage.ts(296,58): error TS2769: No overload matches this call.
  Overload 1 of 2, '(value: { type: SQL<unknown> | "logo" | "team" | "project" | "before" | "after" | "hero" | "service" | Placeholder<string, any>; siteId: string | SQL<unknown> | Placeholder<string, any>; ... 4 more ...; sortOrder?: number | ... 3 more ... | undefined; }): PgInsertBase<...>', gave the following error.
    Argument of type '{ type: string; siteId: string; url: string; caption?: string | null | undefined; sortOrder?: number | null | undefined; }' is not assignable to parameter of type '{ type: SQL<unknown> | "logo" | "team" | "project" | "before" | "after" | "hero" | "service" | Placeholder<string, any>; siteId: string | SQL<unknown> | Placeholder<string, any>; ... 4 more ...; sortOrder?: number | ... 3 more ... | undefined; }'.
      Types of property 'type' are incompatible.
        Type 'string' is not assignable to type 'SQL<unknown> | "logo" | "team" | "project" | "before" | "after" | "hero" | "service" | Placeholder<string, any>'.
  Overload 2 of 2, '(values: { type: SQL<unknown> | "logo" | "team" | "project" | "before" | "after" | "hero" | "service" | Placeholder<string, any>; siteId: string | SQL<unknown> | Placeholder<string, any>; ... 4 more ...; sortOrder?: number | ... 3 more ... | undefined; }[]): PgInsertBase<...>', gave the following error.
    Argument of type '{ type: string; siteId: string; url: string; caption?: string | null | undefined; sortOrder?: number | null | undefined; }' is not assignable to parameter of type '{ type: SQL<unknown> | "logo" | "team" | "project" | "before" | "after" | "hero" | "service" | Placeholder<string, any>; siteId: string | SQL<unknown> | Placeholder<string, any>; ... 4 more ...; sortOrder?: number | ... 3 more ... | undefined; }[]'.
      Type '{ type: string; siteId: string; url: string; caption?: string | null | undefined; sortOrder?: number | null | undefined; }' is missing the following properties from type '{ type: SQL<unknown> | "logo" | "team" | "project" | "before" | "after" | "hero" | "service" | Placeholder<string, any>; siteId: string | SQL<unknown> | Placeholder<string, any>; ... 4 more ...; sortOrder?: number | ... 3 more ... | undefined; }[]': length, pop, push, concat, and 35 more.
server/storage.ts(391,50): error TS2345: Argument of type 'Partial<{ email: string; name: string; siteId: string; message?: string | null | undefined; phone?: string | null | undefined; stage?: string | undefined; priority?: string | undefined; source?: string | ... 1 more ... | undefined; nextFollowUpAt?: Date | ... 1 more ... | undefined; lastContactedAt?: Date | ... 1 mo...' is not assignable to parameter of type '{ email?: string | SQL<unknown> | PgColumn<ColumnBaseConfig<ColumnDataType, string>, {}, {}> | undefined; name?: string | SQL<unknown> | PgColumn<...> | undefined; ... 11 more ...; createdAt?: Date | ... 2 more ... | undefined; }'.
  Types of property 'stage' are incompatible.
    Type 'string | undefined' is not assignable to type 'SQL<unknown> | PgColumn<ColumnBaseConfig<ColumnDataType, string>, {}, {}> | "new" | "contacted" | "quoted" | "won" | "lost" | undefined'.
      Type 'string' is not assignable to type 'SQL<unknown> | PgColumn<ColumnBaseConfig<ColumnDataType, string>, {}, {}> | "new" | "contacted" | "quoted" | "won" | "lost" | undefined'.
